<?xml version="1.0" encoding="UTF-8"?>
<!-- Generated by org.testng.reporters.JUnitXMLReporter -->
<testsuite hostname="Lenovo" ignored="0" name="Default test" tests="6" failures="0" timestamp="25 Nov 2017 18:19:08 GMT" time="52.25" errors="0">
  <testcase name="verifyLogin" time="4.989" classname="com.mercurytours.testcases.LoginTest"/>
  <testcase name="verifyLogin" time="5.06" classname="com.mercurytours.testcases.LoginTest"/>
  <testcase name="verifyLogin" time="4.523" classname="com.mercurytours.testcases.LoginTest"/>
  <testcase name="pageTitle" time="0.015" classname="com.mercurytours.testcases.VerifyHomePageTitle"/>
  <testcase name="verifyLogin" time="2.893" classname="com.mercurytours.testcases.VerifyTicketPurchase"/>
  <testcase name="verifyPurchase" time="7.245" classname="com.mercurytours.testcases.VerifyTicketPurchase"/>
</testsuite> <!-- Default test -->
