<?xml version="1.0" encoding="UTF-8"?>
<testng-results skipped="0" failed="1" ignored="0" total="7" passed="6">
  <reporter-output>
  </reporter-output>
  <suite name="Default suite" duration-ms="57423" started-at="2017-11-23T02:07:41Z" finished-at="2017-11-23T02:08:38Z">
    <groups>
    </groups>
    <test name="Default test" duration-ms="57423" started-at="2017-11-23T02:07:41Z" finished-at="2017-11-23T02:08:38Z">
      <class name="com.mercurytours.testcases.LoginTest">
        <test-method status="PASS" signature="setUp()[pri:0, instance:com.mercurytours.testcases.LoginTest@3ffc5af1]" name="setUp" is-config="true" duration-ms="4254" started-at="2017-11-22T21:07:52Z" finished-at="2017-11-22T21:07:56Z">
          <reporter-output>
          </reporter-output>
        </test-method> <!-- setUp -->
        <test-method status="FAIL" signature="verifyLogin(java.lang.String, java.lang.String)[pri:0, instance:com.mercurytours.testcases.LoginTest@3ffc5af1]" name="verifyLogin" duration-ms="2191" started-at="2017-11-22T21:07:56Z" data-provider="credentials" finished-at="2017-11-22T21:07:59Z">
          <params>
            <param index="0">
              <value>
                <![CDATA[username]]>
              </value>
            </param>
            <param index="1">
              <value>
                <![CDATA[password]]>
              </value>
            </param>
          </params>
          <exception class="java.lang.AssertionError">
            <message>
              <![CDATA[expected [Find a Flight: Mercury Tours:] but found [Sign-on: Mercury Tours]]]>
            </message>
            <full-stacktrace>
              <![CDATA[java.lang.AssertionError: expected [Find a Flight: Mercury Tours:] but found [Sign-on: Mercury Tours]
	at org.testng.Assert.fail(Assert.java:93)
	at org.testng.Assert.failNotEquals(Assert.java:512)
	at org.testng.Assert.assertEqualsImpl(Assert.java:134)
	at org.testng.Assert.assertEquals(Assert.java:115)
	at org.testng.Assert.assertEquals(Assert.java:189)
	at org.testng.Assert.assertEquals(Assert.java:199)
	at com.mercurytours.testcases.LoginTest.verifyLogin(LoginTest.java:43)
	at sun.reflect.NativeMethodAccessorImpl.invoke0(Native Method)
	at sun.reflect.NativeMethodAccessorImpl.invoke(Unknown Source)
	at sun.reflect.DelegatingMethodAccessorImpl.invoke(Unknown Source)
	at java.lang.reflect.Method.invoke(Unknown Source)
	at org.testng.internal.MethodInvocationHelper.invokeMethod(MethodInvocationHelper.java:108)
	at org.testng.internal.Invoker.invokeMethod(Invoker.java:661)
	at org.testng.internal.Invoker.invokeTestMethod(Invoker.java:869)
	at org.testng.internal.Invoker.invokeTestMethods(Invoker.java:1193)
	at org.testng.internal.TestMethodWorker.invokeTestMethods(TestMethodWorker.java:126)
	at org.testng.internal.TestMethodWorker.run(TestMethodWorker.java:109)
	at org.testng.TestRunner.privateRun(TestRunner.java:744)
	at org.testng.TestRunner.run(TestRunner.java:602)
	at org.testng.SuiteRunner.runTest(SuiteRunner.java:380)
	at org.testng.SuiteRunner.runSequentially(SuiteRunner.java:375)
	at org.testng.SuiteRunner.privateRun(SuiteRunner.java:340)
	at org.testng.SuiteRunner.run(SuiteRunner.java:289)
	at org.testng.SuiteRunnerWorker.runSuite(SuiteRunnerWorker.java:52)
	at org.testng.SuiteRunnerWorker.run(SuiteRunnerWorker.java:86)
	at org.testng.TestNG.runSuitesSequentially(TestNG.java:1301)
	at org.testng.TestNG.runSuitesLocally(TestNG.java:1226)
	at org.testng.TestNG.runSuites(TestNG.java:1144)
	at org.testng.TestNG.run(TestNG.java:1115)
	at org.testng.remote.AbstractRemoteTestNG.run(AbstractRemoteTestNG.java:114)
	at org.testng.remote.RemoteTestNG.initAndRun(RemoteTestNG.java:251)
	at org.testng.remote.RemoteTestNG.main(RemoteTestNG.java:77)
]]>
            </full-stacktrace>
          </exception> <!-- java.lang.AssertionError -->
          <reporter-output>
          </reporter-output>
        </test-method> <!-- verifyLogin -->
        <test-method status="PASS" signature="tearDown()[pri:0, instance:com.mercurytours.testcases.LoginTest@3ffc5af1]" name="tearDown" is-config="true" duration-ms="707" started-at="2017-11-22T21:07:59Z" finished-at="2017-11-22T21:07:59Z">
          <reporter-output>
          </reporter-output>
        </test-method> <!-- tearDown -->
        <test-method status="PASS" signature="setUp()[pri:0, instance:com.mercurytours.testcases.LoginTest@3ffc5af1]" name="setUp" is-config="true" duration-ms="3987" started-at="2017-11-22T21:07:59Z" finished-at="2017-11-22T21:08:03Z">
          <reporter-output>
          </reporter-output>
        </test-method> <!-- setUp -->
        <test-method status="PASS" signature="verifyLogin(java.lang.String, java.lang.String)[pri:0, instance:com.mercurytours.testcases.LoginTest@3ffc5af1]" name="verifyLogin" duration-ms="4833" started-at="2017-11-22T21:08:03Z" data-provider="credentials" finished-at="2017-11-22T21:08:08Z">
          <params>
            <param index="0">
              <value>
                <![CDATA[tutorial]]>
              </value>
            </param>
            <param index="1">
              <value>
                <![CDATA[tutorial]]>
              </value>
            </param>
          </params>
          <reporter-output>
          </reporter-output>
        </test-method> <!-- verifyLogin -->
        <test-method status="PASS" signature="tearDown()[pri:0, instance:com.mercurytours.testcases.LoginTest@3ffc5af1]" name="tearDown" is-config="true" duration-ms="0" started-at="2017-11-22T21:08:08Z" finished-at="2017-11-22T21:08:08Z">
          <reporter-output>
          </reporter-output>
        </test-method> <!-- tearDown -->
        <test-method status="PASS" signature="setUp()[pri:0, instance:com.mercurytours.testcases.LoginTest@3ffc5af1]" name="setUp" is-config="true" duration-ms="3823" started-at="2017-11-22T21:08:08Z" finished-at="2017-11-22T21:08:12Z">
          <reporter-output>
          </reporter-output>
        </test-method> <!-- setUp -->
        <test-method status="PASS" signature="verifyLogin(java.lang.String, java.lang.String)[pri:0, instance:com.mercurytours.testcases.LoginTest@3ffc5af1]" name="verifyLogin" duration-ms="4749" started-at="2017-11-22T21:08:12Z" data-provider="credentials" finished-at="2017-11-22T21:08:17Z">
          <params>
            <param index="0">
              <value>
                <![CDATA[suresh]]>
              </value>
            </param>
            <param index="1">
              <value>
                <![CDATA[suresh]]>
              </value>
            </param>
          </params>
          <reporter-output>
          </reporter-output>
        </test-method> <!-- verifyLogin -->
        <test-method status="PASS" signature="setUp()[pri:0, instance:com.mercurytours.testcases.LoginTest@3ffc5af1]" name="setUp" is-config="true" duration-ms="5747" started-at="2017-11-22T21:08:17Z" finished-at="2017-11-22T21:08:22Z">
          <reporter-output>
          </reporter-output>
        </test-method> <!-- setUp -->
        <test-method status="PASS" signature="tearDown()[pri:0, instance:com.mercurytours.testcases.LoginTest@3ffc5af1]" name="tearDown" is-config="true" duration-ms="0" started-at="2017-11-22T21:08:17Z" finished-at="2017-11-22T21:08:17Z">
          <reporter-output>
          </reporter-output>
        </test-method> <!-- tearDown -->
        <test-method status="PASS" signature="verifyLogin(java.lang.String, java.lang.String)[pri:0, instance:com.mercurytours.testcases.LoginTest@3ffc5af1]" name="verifyLogin" duration-ms="4686" started-at="2017-11-22T21:08:22Z" data-provider="credentials" finished-at="2017-11-22T21:08:27Z">
          <params>
            <param index="0">
              <value>
                <![CDATA[tutorial]]>
              </value>
            </param>
            <param index="1">
              <value>
                <![CDATA[tutorial]]>
              </value>
            </param>
          </params>
          <reporter-output>
          </reporter-output>
        </test-method> <!-- verifyLogin -->
        <test-method status="PASS" signature="tearDown()[pri:0, instance:com.mercurytours.testcases.LoginTest@3ffc5af1]" name="tearDown" is-config="true" duration-ms="0" started-at="2017-11-22T21:08:27Z" finished-at="2017-11-22T21:08:27Z">
          <reporter-output>
          </reporter-output>
        </test-method> <!-- tearDown -->
      </class> <!-- com.mercurytours.testcases.LoginTest -->
      <class name="com.mercurytours.testcases.VerifyHomePageTitle">
        <test-method status="PASS" signature="setUp()[pri:0, instance:com.mercurytours.testcases.VerifyHomePageTitle@61832929]" name="setUp" is-config="true" duration-ms="6827" started-at="2017-11-22T21:07:41Z" finished-at="2017-11-22T21:07:48Z">
          <reporter-output>
          </reporter-output>
        </test-method> <!-- setUp -->
        <test-method status="PASS" signature="setUp()[pri:0, instance:com.mercurytours.testcases.VerifyTicketPurchase@29774679]" name="setUp" is-config="true" duration-ms="3779" started-at="2017-11-22T21:07:48Z" finished-at="2017-11-22T21:07:51Z">
          <reporter-output>
          </reporter-output>
        </test-method> <!-- setUp -->
        <test-method status="PASS" signature="pageTitle()[pri:0, instance:com.mercurytours.testcases.VerifyHomePageTitle@61832929]" name="pageTitle" duration-ms="21" started-at="2017-11-22T21:08:27Z" finished-at="2017-11-22T21:08:27Z">
          <reporter-output>
          </reporter-output>
        </test-method> <!-- pageTitle -->
        <test-method status="PASS" signature="tearDown()[pri:0, instance:com.mercurytours.testcases.VerifyHomePageTitle@61832929]" name="tearDown" is-config="true" duration-ms="682" started-at="2017-11-22T21:08:37Z" finished-at="2017-11-22T21:08:38Z">
          <reporter-output>
          </reporter-output>
        </test-method> <!-- tearDown -->
        <test-method status="PASS" signature="tearDown()[pri:0, instance:com.mercurytours.testcases.VerifyTicketPurchase@29774679]" name="tearDown" is-config="true" duration-ms="47" started-at="2017-11-22T21:08:38Z" finished-at="2017-11-22T21:08:38Z">
          <reporter-output>
          </reporter-output>
        </test-method> <!-- tearDown -->
      </class> <!-- com.mercurytours.testcases.VerifyHomePageTitle -->
      <class name="com.mercurytours.testcases.VerifyTicketPurchase">
        <test-method status="PASS" signature="verifyLogin()[pri:0, instance:com.mercurytours.testcases.VerifyTicketPurchase@29774679]" name="verifyLogin" duration-ms="3001" started-at="2017-11-22T21:08:27Z" finished-at="2017-11-22T21:08:30Z">
          <reporter-output>
          </reporter-output>
        </test-method> <!-- verifyLogin -->
        <test-method status="PASS" signature="verifyPurchase()[pri:0, instance:com.mercurytours.testcases.VerifyTicketPurchase@29774679]" name="verifyPurchase" duration-ms="7207" started-at="2017-11-22T21:08:30Z" finished-at="2017-11-22T21:08:37Z">
          <reporter-output>
          </reporter-output>
        </test-method> <!-- verifyPurchase -->
      </class> <!-- com.mercurytours.testcases.VerifyTicketPurchase -->
    </test> <!-- Default test -->
  </suite> <!-- Default suite -->
</testng-results>
