<?xml version="1.0" encoding="UTF-8"?>
<testng-results skipped="0" failed="0" ignored="0" total="6" passed="6">
  <reporter-output>
  </reporter-output>
  <suite name="Default suite" duration-ms="52250" started-at="2017-11-25T18:18:16Z" finished-at="2017-11-25T18:19:08Z">
    <groups>
    </groups>
    <test name="Default test" duration-ms="52250" started-at="2017-11-25T18:18:16Z" finished-at="2017-11-25T18:19:08Z">
      <class name="com.mercurytours.testcases.LoginTest">
        <test-method status="PASS" signature="setUp()[pri:0, instance:com.mercurytours.testcases.LoginTest@42d80b78]" name="setUp" is-config="true" duration-ms="4304" started-at="2017-11-25T13:18:30Z" finished-at="2017-11-25T13:18:34Z">
          <reporter-output>
          </reporter-output>
        </test-method> <!-- setUp -->
        <test-method status="PASS" signature="verifyLogin(java.lang.String, java.lang.String)[pri:0, instance:com.mercurytours.testcases.LoginTest@42d80b78]" name="verifyLogin" duration-ms="4989" started-at="2017-11-25T13:18:34Z" data-provider="credentials" finished-at="2017-11-25T13:18:39Z">
          <params>
            <param index="0">
              <value>
                <![CDATA[tutorial]]>
              </value>
            </param>
            <param index="1">
              <value>
                <![CDATA[tutorial]]>
              </value>
            </param>
          </params>
          <reporter-output>
          </reporter-output>
        </test-method> <!-- verifyLogin -->
        <test-method status="PASS" signature="tearDown()[pri:0, instance:com.mercurytours.testcases.LoginTest@42d80b78]" name="tearDown" is-config="true" duration-ms="0" started-at="2017-11-25T13:18:39Z" finished-at="2017-11-25T13:18:39Z">
          <reporter-output>
          </reporter-output>
        </test-method> <!-- tearDown -->
        <test-method status="PASS" signature="setUp()[pri:0, instance:com.mercurytours.testcases.LoginTest@42d80b78]" name="setUp" is-config="true" duration-ms="4287" started-at="2017-11-25T13:18:39Z" finished-at="2017-11-25T13:18:43Z">
          <reporter-output>
          </reporter-output>
        </test-method> <!-- setUp -->
        <test-method status="PASS" signature="verifyLogin(java.lang.String, java.lang.String)[pri:0, instance:com.mercurytours.testcases.LoginTest@42d80b78]" name="verifyLogin" duration-ms="5060" started-at="2017-11-25T13:18:43Z" data-provider="credentials" finished-at="2017-11-25T13:18:48Z">
          <params>
            <param index="0">
              <value>
                <![CDATA[suresh]]>
              </value>
            </param>
            <param index="1">
              <value>
                <![CDATA[suresh]]>
              </value>
            </param>
          </params>
          <reporter-output>
          </reporter-output>
        </test-method> <!-- verifyLogin -->
        <test-method status="PASS" signature="tearDown()[pri:0, instance:com.mercurytours.testcases.LoginTest@42d80b78]" name="tearDown" is-config="true" duration-ms="0" started-at="2017-11-25T13:18:48Z" finished-at="2017-11-25T13:18:48Z">
          <reporter-output>
          </reporter-output>
        </test-method> <!-- tearDown -->
        <test-method status="PASS" signature="setUp()[pri:0, instance:com.mercurytours.testcases.LoginTest@42d80b78]" name="setUp" is-config="true" duration-ms="4048" started-at="2017-11-25T13:18:48Z" finished-at="2017-11-25T13:18:52Z">
          <reporter-output>
          </reporter-output>
        </test-method> <!-- setUp -->
        <test-method status="PASS" signature="verifyLogin(java.lang.String, java.lang.String)[pri:0, instance:com.mercurytours.testcases.LoginTest@42d80b78]" name="verifyLogin" duration-ms="4523" started-at="2017-11-25T13:18:52Z" data-provider="credentials" finished-at="2017-11-25T13:18:57Z">
          <params>
            <param index="0">
              <value>
                <![CDATA[tutorial]]>
              </value>
            </param>
            <param index="1">
              <value>
                <![CDATA[tutorial]]>
              </value>
            </param>
          </params>
          <reporter-output>
          </reporter-output>
        </test-method> <!-- verifyLogin -->
        <test-method status="PASS" signature="tearDown()[pri:0, instance:com.mercurytours.testcases.LoginTest@42d80b78]" name="tearDown" is-config="true" duration-ms="0" started-at="2017-11-25T13:18:57Z" finished-at="2017-11-25T13:18:57Z">
          <reporter-output>
          </reporter-output>
        </test-method> <!-- tearDown -->
      </class> <!-- com.mercurytours.testcases.LoginTest -->
      <class name="com.mercurytours.testcases.VerifyHomePageTitle">
        <test-method status="PASS" signature="setUp()[pri:0, instance:com.mercurytours.testcases.VerifyHomePageTitle@77caeb3e]" name="setUp" is-config="true" duration-ms="8204" started-at="2017-11-25T13:18:16Z" finished-at="2017-11-25T13:18:24Z">
          <reporter-output>
          </reporter-output>
        </test-method> <!-- setUp -->
        <test-method status="PASS" signature="setUp()[pri:0, instance:com.mercurytours.testcases.VerifyTicketPurchase@1e88b3c]" name="setUp" is-config="true" duration-ms="4129" started-at="2017-11-25T13:18:24Z" finished-at="2017-11-25T13:18:28Z">
          <reporter-output>
          </reporter-output>
        </test-method> <!-- setUp -->
        <test-method status="PASS" signature="pageTitle()[pri:0, instance:com.mercurytours.testcases.VerifyHomePageTitle@77caeb3e]" name="pageTitle" duration-ms="15" started-at="2017-11-25T13:18:57Z" finished-at="2017-11-25T13:18:57Z">
          <reporter-output>
          </reporter-output>
        </test-method> <!-- pageTitle -->
        <test-method status="PASS" signature="tearDown()[pri:0, instance:com.mercurytours.testcases.VerifyHomePageTitle@77caeb3e]" name="tearDown" is-config="true" duration-ms="761" started-at="2017-11-25T13:19:07Z" finished-at="2017-11-25T13:19:08Z">
          <reporter-output>
          </reporter-output>
        </test-method> <!-- tearDown -->
        <test-method status="PASS" signature="tearDown()[pri:0, instance:com.mercurytours.testcases.VerifyTicketPurchase@1e88b3c]" name="tearDown" is-config="true" duration-ms="78" started-at="2017-11-25T13:19:08Z" finished-at="2017-11-25T13:19:08Z">
          <reporter-output>
          </reporter-output>
        </test-method> <!-- tearDown -->
      </class> <!-- com.mercurytours.testcases.VerifyHomePageTitle -->
      <class name="com.mercurytours.testcases.VerifyTicketPurchase">
        <test-method status="PASS" signature="verifyLogin()[pri:0, instance:com.mercurytours.testcases.VerifyTicketPurchase@1e88b3c]" name="verifyLogin" duration-ms="2893" started-at="2017-11-25T13:18:57Z" finished-at="2017-11-25T13:19:00Z">
          <reporter-output>
          </reporter-output>
        </test-method> <!-- verifyLogin -->
        <test-method status="PASS" signature="verifyPurchase()[pri:0, instance:com.mercurytours.testcases.VerifyTicketPurchase@1e88b3c]" name="verifyPurchase" duration-ms="7245" started-at="2017-11-25T13:19:00Z" finished-at="2017-11-25T13:19:07Z">
          <reporter-output>
          </reporter-output>
        </test-method> <!-- verifyPurchase -->
      </class> <!-- com.mercurytours.testcases.VerifyTicketPurchase -->
    </test> <!-- Default test -->
  </suite> <!-- Default suite -->
</testng-results>
